<?xml version="1.0" encoding="UTF-8"?>
<!-- Generated by org.testng.reporters.JUnitReportReporter -->
<testsuite skipped="0" hostname="devi-PC" name="testcase.EditLead" tests="1" failures="0" timestamp="2021-06-05T21:25:32 IST" time="26.377" errors="0">
  <testcase name="runeditlead" time="26.377" classname="testcase.EditLead"/>
  <system-out/>
</testsuite> <!-- testcase.EditLead -->
