<?xml version="1.0" encoding="UTF-8"?>
<!-- Generated by org.testng.reporters.JUnitReportReporter -->
<testsuite skipped="0" hostname="devi-PC" name="testcase.DuplicateLead" tests="1" failures="0" timestamp="2021-06-05T21:25:32 IST" time="27.301" errors="0">
  <testcase name="runduplead" time="27.301" classname="testcase.DuplicateLead"/>
  <system-out/>
</testsuite> <!-- testcase.DuplicateLead -->
