<?xml version="1.0" encoding="UTF-8"?>
<!-- Generated by org.testng.reporters.JUnitReportReporter -->
<testsuite skipped="0" hostname="devi-PC" name="testcase.CreateLead" tests="1" failures="0" timestamp="2021-06-05T21:25:31 IST" time="27.158" errors="0">
  <testcase name="runCreateLead" time="27.158" classname="testcase.CreateLead"/>
  <system-out/>
</testsuite> <!-- testcase.CreateLead -->
