<?xml version="1.0" encoding="UTF-8"?>
<!-- Generated by org.testng.reporters.JUnitReportReporter -->
<testsuite skipped="0" hostname="devi-PC" name="testcase.MergeLead" tests="1" failures="0" timestamp="2021-06-05T21:25:31 IST" time="30.796" errors="0">
  <testcase name="runmergelead" time="30.796" classname="testcase.MergeLead"/>
  <system-out/>
</testsuite> <!-- testcase.MergeLead -->
