<?xml version="1.0" encoding="UTF-8"?>
<!-- Generated by org.testng.reporters.JUnitReportReporter -->
<testsuite skipped="0" hostname="devi-PC" name="testcases.Verifylogin" tests="1" failures="0" timestamp="2021-06-19T13:52:45 IST" time="14.788" errors="0">
  <testcase name="runlogin" time="14.788" classname="testcases.Verifylogin"/>
  <system-out/>
</testsuite> <!-- testcases.Verifylogin -->
